<?xml version="1.0" encoding="UTF-8"?>
<!-- Generated by org.testng.reporters.JUnitReportReporter -->
<testsuite skipped="0" hostname="LAPTOP-TVJ0FV6G" name="registration.Tc_001" tests="5" failures="0" timestamp="2023-03-14T14:46:31 IST" time="45.242" errors="0">
  <testcase name="reg" time="8.685" classname="registration.Tc_001"/>
  <system-out/>
  <testcase name="reg" time="10.666" classname="registration.Tc_001"/>
  <system-out/>
  <testcase name="reg" time="8.685" classname="registration.Tc_001"/>
  <system-out/>
  <testcase name="reg" time="8.687" classname="registration.Tc_001"/>
  <system-out/>
  <testcase name="reg" time="8.519" classname="registration.Tc_001"/>
  <system-out/>
</testsuite> <!-- registration.Tc_001 -->
