<?xml version="1.0" encoding="UTF-8"?>
<!-- Generated by org.testng.reporters.JUnitReportReporter -->
<testsuite skipped="0" hostname="LAPTOP-TVJ0FV6G" name="digitalDownloads.Tc_002" tests="1" failures="0" timestamp="2023-03-16T12:36:57 IST" time="23.163" errors="0">
  <testcase name="dig" time="23.163" classname="digitalDownloads.Tc_002"/>
  <system-out/>
</testsuite> <!-- digitalDownloads.Tc_002 -->
