<?xml version="1.0" encoding="UTF-8"?>
<!-- Generated by org.testng.reporters.JUnitReportReporter -->
<testsuite skipped="0" hostname="LAPTOP-TVJ0FV6G" name="digitalDownloads.Tc_003" tests="1" failures="0" timestamp="2023-03-15T11:39:06 IST" time="22.394" errors="0">
  <testcase name="digi" time="22.394" classname="digitalDownloads.Tc_003"/>
  <system-out/>
</testsuite> <!-- digitalDownloads.Tc_003 -->
