<?xml version="1.0" encoding="UTF-8"?>
<!-- Generated by org.testng.reporters.JUnitReportReporter -->
<testsuite skipped="0" hostname="LAPTOP-TVJ0FV6G" name="digitalDownloads.Tc_001" tests="1" failures="0" timestamp="2023-03-15T11:33:41 IST" time="30.722" errors="0">
  <testcase name="digiPage" time="30.722" classname="digitalDownloads.Tc_001"/>
  <system-out/>
</testsuite> <!-- digitalDownloads.Tc_001 -->
